{"C:\\Users\\ferna\\Desktop\\desafio-zoo\\desafio-zoo\\recintos-zoo.js": {"path":"C:\\Users\\ferna\\Desktop\\desafio-zoo\\desafio-zoo\\recintos-zoo.js","all":false,"statementMap":{"0":{"start":{"line":1,"column":0},"end":{"line":1,"column":19}},"1":{"start":{"line":2,"column":0},"end":{"line":2,"column":19}},"2":{"start":{"line":3,"column":0},"end":{"line":3,"column":25}},"3":{"start":{"line":4,"column":0},"end":{"line":4,"column":120}},"4":{"start":{"line":5,"column":0},"end":{"line":5,"column":93}},"5":{"start":{"line":6,"column":0},"end":{"line":6,"column":106}},"6":{"start":{"line":7,"column":0},"end":{"line":7,"column":88}},"7":{"start":{"line":8,"column":0},"end":{"line":8,"column":96}},"8":{"start":{"line":9,"column":0},"end":{"line":9,"column":10}},"9":{"start":{"line":10,"column":0},"end":{"line":10,"column":1}},"10":{"start":{"line":11,"column":0},"end":{"line":11,"column":31}},"11":{"start":{"line":12,"column":0},"end":{"line":12,"column":76}},"12":{"start":{"line":13,"column":0},"end":{"line":13,"column":80}},"13":{"start":{"line":14,"column":0},"end":{"line":14,"column":78}},"14":{"start":{"line":15,"column":0},"end":{"line":15,"column":88}},"15":{"start":{"line":16,"column":0},"end":{"line":16,"column":78}},"16":{"start":{"line":17,"column":0},"end":{"line":17,"column":88}},"17":{"start":{"line":18,"column":0},"end":{"line":18,"column":10}},"18":{"start":{"line":19,"column":0},"end":{"line":19,"column":5}},"19":{"start":{"line":20,"column":0},"end":{"line":20,"column":1}},"20":{"start":{"line":21,"column":0},"end":{"line":21,"column":37}},"21":{"start":{"line":22,"column":0},"end":{"line":22,"column":100}},"22":{"start":{"line":23,"column":0},"end":{"line":23,"column":5}},"23":{"start":{"line":24,"column":0},"end":{"line":24,"column":1}},"24":{"start":{"line":25,"column":0},"end":{"line":25,"column":36}},"25":{"start":{"line":26,"column":0},"end":{"line":26,"column":99}},"26":{"start":{"line":27,"column":0},"end":{"line":27,"column":5}},"27":{"start":{"line":28,"column":0},"end":{"line":28,"column":1}},"28":{"start":{"line":29,"column":0},"end":{"line":29,"column":44}},"29":{"start":{"line":30,"column":0},"end":{"line":30,"column":92}},"30":{"start":{"line":31,"column":0},"end":{"line":31,"column":5}},"31":{"start":{"line":32,"column":0},"end":{"line":32,"column":1}},"32":{"start":{"line":33,"column":0},"end":{"line":33,"column":45}},"33":{"start":{"line":34,"column":0},"end":{"line":34,"column":47}},"34":{"start":{"line":35,"column":0},"end":{"line":35,"column":70}},"35":{"start":{"line":36,"column":0},"end":{"line":36,"column":9}},"36":{"start":{"line":37,"column":0},"end":{"line":37,"column":1}},"37":{"start":{"line":38,"column":0},"end":{"line":38,"column":30}},"38":{"start":{"line":39,"column":0},"end":{"line":39,"column":74}},"39":{"start":{"line":40,"column":0},"end":{"line":40,"column":9}},"40":{"start":{"line":41,"column":0},"end":{"line":41,"column":1}},"41":{"start":{"line":42,"column":0},"end":{"line":42,"column":55}},"42":{"start":{"line":43,"column":0},"end":{"line":43,"column":60}},"43":{"start":{"line":44,"column":0},"end":{"line":44,"column":1}},"44":{"start":{"line":45,"column":0},"end":{"line":45,"column":45}},"45":{"start":{"line":46,"column":0},"end":{"line":46,"column":32}},"46":{"start":{"line":47,"column":0},"end":{"line":47,"column":62}},"47":{"start":{"line":48,"column":0},"end":{"line":48,"column":33}},"48":{"start":{"line":49,"column":0},"end":{"line":49,"column":17}},"49":{"start":{"line":50,"column":0},"end":{"line":50,"column":1}},"50":{"start":{"line":51,"column":0},"end":{"line":51,"column":92}},"51":{"start":{"line":52,"column":0},"end":{"line":52,"column":33}},"52":{"start":{"line":53,"column":0},"end":{"line":53,"column":17}},"53":{"start":{"line":54,"column":0},"end":{"line":54,"column":1}},"54":{"start":{"line":55,"column":0},"end":{"line":55,"column":53}},"55":{"start":{"line":56,"column":0},"end":{"line":56,"column":64}},"56":{"start":{"line":57,"column":0},"end":{"line":57,"column":24}},"57":{"start":{"line":58,"column":0},"end":{"line":58,"column":64}},"58":{"start":{"line":59,"column":0},"end":{"line":59,"column":17}},"59":{"start":{"line":60,"column":0},"end":{"line":60,"column":14}},"60":{"start":{"line":61,"column":0},"end":{"line":61,"column":29}},"61":{"start":{"line":62,"column":0},"end":{"line":62,"column":83}},"62":{"start":{"line":63,"column":0},"end":{"line":63,"column":1}},"63":{"start":{"line":64,"column":0},"end":{"line":64,"column":66}},"64":{"start":{"line":65,"column":0},"end":{"line":65,"column":47}},"65":{"start":{"line":66,"column":0},"end":{"line":66,"column":17}},"66":{"start":{"line":67,"column":0},"end":{"line":67,"column":1}},"67":{"start":{"line":68,"column":0},"end":{"line":68,"column":122}},"68":{"start":{"line":69,"column":0},"end":{"line":69,"column":15}},"69":{"start":{"line":70,"column":0},"end":{"line":70,"column":1}},"70":{"start":{"line":71,"column":0},"end":{"line":71,"column":43}},"71":{"start":{"line":72,"column":0},"end":{"line":72,"column":76}},"72":{"start":{"line":73,"column":0},"end":{"line":73,"column":9}},"73":{"start":{"line":74,"column":0},"end":{"line":74,"column":1}},"74":{"start":{"line":75,"column":0},"end":{"line":75,"column":47}},"75":{"start":{"line":76,"column":0},"end":{"line":76,"column":5}},"76":{"start":{"line":77,"column":0},"end":{"line":77,"column":1}},"77":{"start":{"line":78,"column":0},"end":{"line":78,"column":1}},"78":{"start":{"line":79,"column":0},"end":{"line":79,"column":23}}},"s":{"0":1,"1":1,"2":5,"3":5,"4":5,"5":5,"6":5,"7":5,"8":5,"9":5,"10":5,"11":5,"12":5,"13":5,"14":5,"15":5,"16":5,"17":5,"18":5,"19":1,"20":1,"21":2,"22":2,"23":1,"24":1,"25":4,"26":4,"27":1,"28":1,"29":4,"30":4,"31":1,"32":1,"33":5,"34":1,"35":1,"36":4,"37":5,"38":1,"39":1,"40":3,"41":3,"42":3,"43":3,"44":3,"45":3,"46":15,"47":5,"48":5,"49":10,"50":15,"51":4,"52":4,"53":6,"54":15,"55":2,"56":15,"57":4,"58":4,"59":3,"60":3,"61":4,"62":4,"63":4,"64":1,"65":1,"66":4,"67":4,"68":3,"69":3,"70":5,"71":1,"72":1,"73":2,"74":2,"75":2,"76":1,"77":1,"78":1},"branchMap":{"0":{"type":"branch","line":2,"loc":{"start":{"line":2,"column":4},"end":{"line":19,"column":5}},"locations":[{"start":{"line":2,"column":4},"end":{"line":19,"column":5}}]},"1":{"type":"branch","line":21,"loc":{"start":{"line":21,"column":4},"end":{"line":23,"column":5}},"locations":[{"start":{"line":21,"column":4},"end":{"line":23,"column":5}}]},"2":{"type":"branch","line":22,"loc":{"start":{"line":22,"column":37},"end":{"line":22,"column":98}},"locations":[{"start":{"line":22,"column":37},"end":{"line":22,"column":98}}]},"3":{"type":"branch","line":25,"loc":{"start":{"line":25,"column":4},"end":{"line":27,"column":5}},"locations":[{"start":{"line":25,"column":4},"end":{"line":27,"column":5}}]},"4":{"type":"branch","line":26,"loc":{"start":{"line":26,"column":36},"end":{"line":26,"column":97}},"locations":[{"start":{"line":26,"column":36},"end":{"line":26,"column":97}}]},"5":{"type":"branch","line":29,"loc":{"start":{"line":29,"column":4},"end":{"line":31,"column":5}},"locations":[{"start":{"line":29,"column":4},"end":{"line":31,"column":5}}]},"6":{"type":"branch","line":30,"loc":{"start":{"line":30,"column":36},"end":{"line":30,"column":90}},"locations":[{"start":{"line":30,"column":36},"end":{"line":30,"column":90}}]},"7":{"type":"branch","line":33,"loc":{"start":{"line":33,"column":4},"end":{"line":76,"column":5}},"locations":[{"start":{"line":33,"column":4},"end":{"line":76,"column":5}}]},"8":{"type":"branch","line":34,"loc":{"start":{"line":34,"column":46},"end":{"line":36,"column":9}},"locations":[{"start":{"line":34,"column":46},"end":{"line":36,"column":9}}]},"9":{"type":"branch","line":36,"loc":{"start":{"line":36,"column":8},"end":{"line":38,"column":29}},"locations":[{"start":{"line":36,"column":8},"end":{"line":38,"column":29}}]},"10":{"type":"branch","line":38,"loc":{"start":{"line":38,"column":29},"end":{"line":40,"column":9}},"locations":[{"start":{"line":38,"column":29},"end":{"line":40,"column":9}}]},"11":{"type":"branch","line":40,"loc":{"start":{"line":40,"column":8},"end":{"line":71,"column":42}},"locations":[{"start":{"line":40,"column":8},"end":{"line":71,"column":42}}]},"12":{"type":"branch","line":71,"loc":{"start":{"line":71,"column":42},"end":{"line":73,"column":9}},"locations":[{"start":{"line":71,"column":42},"end":{"line":73,"column":9}}]},"13":{"type":"branch","line":73,"loc":{"start":{"line":73,"column":8},"end":{"line":76,"column":5}},"locations":[{"start":{"line":73,"column":8},"end":{"line":76,"column":5}}]},"14":{"type":"branch","line":46,"loc":{"start":{"line":46,"column":20},"end":{"line":60,"column":13}},"locations":[{"start":{"line":46,"column":20},"end":{"line":60,"column":13}}]},"15":{"type":"branch","line":47,"loc":{"start":{"line":47,"column":61},"end":{"line":49,"column":17}},"locations":[{"start":{"line":47,"column":61},"end":{"line":49,"column":17}}]},"16":{"type":"branch","line":49,"loc":{"start":{"line":49,"column":16},"end":{"line":51,"column":91}},"locations":[{"start":{"line":49,"column":16},"end":{"line":51,"column":91}}]},"17":{"type":"branch","line":51,"loc":{"start":{"line":51,"column":91},"end":{"line":53,"column":17}},"locations":[{"start":{"line":51,"column":91},"end":{"line":53,"column":17}}]},"18":{"type":"branch","line":53,"loc":{"start":{"line":53,"column":16},"end":{"line":55,"column":52}},"locations":[{"start":{"line":53,"column":16},"end":{"line":55,"column":52}}]},"19":{"type":"branch","line":55,"loc":{"start":{"line":55,"column":52},"end":{"line":57,"column":17}},"locations":[{"start":{"line":55,"column":52},"end":{"line":57,"column":17}}]},"20":{"type":"branch","line":57,"loc":{"start":{"line":57,"column":17},"end":{"line":59,"column":17}},"locations":[{"start":{"line":57,"column":17},"end":{"line":59,"column":17}}]},"21":{"type":"branch","line":51,"loc":{"start":{"line":51,"column":40},"end":{"line":51,"column":78}},"locations":[{"start":{"line":51,"column":40},"end":{"line":51,"column":78}}]},"22":{"type":"branch","line":61,"loc":{"start":{"line":61,"column":17},"end":{"line":69,"column":13}},"locations":[{"start":{"line":61,"column":17},"end":{"line":69,"column":13}}]},"23":{"type":"branch","line":64,"loc":{"start":{"line":64,"column":65},"end":{"line":66,"column":17}},"locations":[{"start":{"line":64,"column":65},"end":{"line":66,"column":17}}]}},"b":{"0":[5],"1":[2],"2":[1],"3":[4],"4":[5],"5":[4],"6":[4],"7":[5],"8":[1],"9":[4],"10":[1],"11":[3],"12":[1],"13":[2],"14":[15],"15":[5],"16":[10],"17":[4],"18":[6],"19":[2],"20":[4],"21":[11],"22":[4],"23":[1]},"fnMap":{"0":{"name":"RecintosZoo","decl":{"start":{"line":2,"column":4},"end":{"line":19,"column":5}},"loc":{"start":{"line":2,"column":4},"end":{"line":19,"column":5}},"line":2},"1":{"name":"podeCarnivoroNoRecinto","decl":{"start":{"line":21,"column":4},"end":{"line":23,"column":5}},"loc":{"start":{"line":21,"column":4},"end":{"line":23,"column":5}},"line":21},"2":{"name":"temCarnivoroNoRecinto","decl":{"start":{"line":25,"column":4},"end":{"line":27,"column":5}},"loc":{"start":{"line":25,"column":4},"end":{"line":27,"column":5}},"line":25},"3":{"name":"temEspeciesDiferentes","decl":{"start":{"line":29,"column":4},"end":{"line":31,"column":5}},"loc":{"start":{"line":29,"column":4},"end":{"line":31,"column":5}},"line":29},"4":{"name":"analisaRecintos","decl":{"start":{"line":33,"column":4},"end":{"line":76,"column":5}},"loc":{"start":{"line":33,"column":4},"end":{"line":76,"column":5}},"line":33}},"f":{"0":5,"1":2,"2":4,"3":4,"4":5}}
}
