{"C:\\Users\\ferna\\Desktop\\desafio-zoo\\desafio-zoo\\recintos-zoo.js": {"path":"C:\\Users\\ferna\\Desktop\\desafio-zoo\\desafio-zoo\\recintos-zoo.js","all":false,"statementMap":{"0":{"start":{"line":1,"column":0},"end":{"line":1,"column":19}},"1":{"start":{"line":2,"column":0},"end":{"line":2,"column":19}},"2":{"start":{"line":3,"column":0},"end":{"line":3,"column":25}},"3":{"start":{"line":4,"column":0},"end":{"line":4,"column":93}},"4":{"start":{"line":5,"column":0},"end":{"line":5,"column":93}},"5":{"start":{"line":6,"column":0},"end":{"line":6,"column":93}},"6":{"start":{"line":7,"column":0},"end":{"line":7,"column":91}},"7":{"start":{"line":8,"column":0},"end":{"line":8,"column":10}},"8":{"start":{"line":9,"column":0},"end":{"line":9,"column":0}},"9":{"start":{"line":10,"column":0},"end":{"line":10,"column":31}},"10":{"start":{"line":11,"column":0},"end":{"line":11,"column":58}},"11":{"start":{"line":12,"column":0},"end":{"line":12,"column":60}},"12":{"start":{"line":13,"column":0},"end":{"line":13,"column":67}},"13":{"start":{"line":14,"column":0},"end":{"line":14,"column":53}},"14":{"start":{"line":15,"column":0},"end":{"line":15,"column":10}},"15":{"start":{"line":16,"column":0},"end":{"line":16,"column":5}},"16":{"start":{"line":17,"column":0},"end":{"line":17,"column":0}},"17":{"start":{"line":18,"column":0},"end":{"line":18,"column":41}},"18":{"start":{"line":19,"column":0},"end":{"line":19,"column":43}},"19":{"start":{"line":20,"column":0},"end":{"line":20,"column":70}},"20":{"start":{"line":21,"column":0},"end":{"line":21,"column":9}},"21":{"start":{"line":22,"column":0},"end":{"line":22,"column":0}},"22":{"start":{"line":23,"column":0},"end":{"line":23,"column":30}},"23":{"start":{"line":24,"column":0},"end":{"line":24,"column":74}},"24":{"start":{"line":25,"column":0},"end":{"line":25,"column":9}},"25":{"start":{"line":26,"column":0},"end":{"line":26,"column":0}},"26":{"start":{"line":27,"column":0},"end":{"line":27,"column":91}},"27":{"start":{"line":28,"column":0},"end":{"line":28,"column":59}},"28":{"start":{"line":29,"column":0},"end":{"line":29,"column":0}},"29":{"start":{"line":30,"column":0},"end":{"line":30,"column":45}},"30":{"start":{"line":31,"column":0},"end":{"line":31,"column":32}},"31":{"start":{"line":32,"column":0},"end":{"line":32,"column":117}},"32":{"start":{"line":33,"column":0},"end":{"line":33,"column":14}},"33":{"start":{"line":34,"column":0},"end":{"line":34,"column":29}},"34":{"start":{"line":35,"column":0},"end":{"line":35,"column":85}},"35":{"start":{"line":36,"column":0},"end":{"line":36,"column":24}},"36":{"start":{"line":37,"column":0},"end":{"line":37,"column":43}},"37":{"start":{"line":38,"column":0},"end":{"line":38,"column":65}},"38":{"start":{"line":39,"column":0},"end":{"line":39,"column":129}},"39":{"start":{"line":40,"column":0},"end":{"line":40,"column":18}},"40":{"start":{"line":41,"column":0},"end":{"line":41,"column":14}},"41":{"start":{"line":42,"column":0},"end":{"line":42,"column":101}},"42":{"start":{"line":43,"column":0},"end":{"line":43,"column":41}},"43":{"start":{"line":44,"column":0},"end":{"line":44,"column":0}},"44":{"start":{"line":45,"column":0},"end":{"line":45,"column":43}},"45":{"start":{"line":46,"column":0},"end":{"line":46,"column":76}},"46":{"start":{"line":47,"column":0},"end":{"line":47,"column":9}},"47":{"start":{"line":48,"column":0},"end":{"line":48,"column":0}},"48":{"start":{"line":49,"column":0},"end":{"line":49,"column":47}},"49":{"start":{"line":50,"column":0},"end":{"line":50,"column":5}},"50":{"start":{"line":51,"column":0},"end":{"line":51,"column":1}},"51":{"start":{"line":52,"column":0},"end":{"line":52,"column":0}},"52":{"start":{"line":53,"column":0},"end":{"line":53,"column":23}}},"s":{"0":1,"1":1,"2":5,"3":5,"4":5,"5":5,"6":5,"7":5,"8":5,"9":5,"10":5,"11":5,"12":5,"13":5,"14":5,"15":5,"16":1,"17":1,"18":5,"19":1,"20":1,"21":4,"22":5,"23":1,"24":1,"25":3,"26":3,"27":3,"28":3,"29":3,"30":3,"31":12,"32":3,"33":3,"34":3,"35":3,"36":3,"37":3,"38":3,"39":3,"40":3,"41":3,"42":3,"43":3,"44":5,"45":1,"46":1,"47":2,"48":2,"49":2,"50":1,"51":1,"52":1},"branchMap":{"0":{"type":"branch","line":2,"loc":{"start":{"line":2,"column":4},"end":{"line":16,"column":5}},"locations":[{"start":{"line":2,"column":4},"end":{"line":16,"column":5}}]},"1":{"type":"branch","line":18,"loc":{"start":{"line":18,"column":4},"end":{"line":50,"column":5}},"locations":[{"start":{"line":18,"column":4},"end":{"line":50,"column":5}}]},"2":{"type":"branch","line":19,"loc":{"start":{"line":19,"column":42},"end":{"line":21,"column":9}},"locations":[{"start":{"line":19,"column":42},"end":{"line":21,"column":9}}]},"3":{"type":"branch","line":21,"loc":{"start":{"line":21,"column":8},"end":{"line":23,"column":29}},"locations":[{"start":{"line":21,"column":8},"end":{"line":23,"column":29}}]},"4":{"type":"branch","line":23,"loc":{"start":{"line":23,"column":29},"end":{"line":25,"column":9}},"locations":[{"start":{"line":23,"column":29},"end":{"line":25,"column":9}}]},"5":{"type":"branch","line":25,"loc":{"start":{"line":25,"column":8},"end":{"line":45,"column":42}},"locations":[{"start":{"line":25,"column":8},"end":{"line":45,"column":42}}]},"6":{"type":"branch","line":45,"loc":{"start":{"line":45,"column":42},"end":{"line":47,"column":9}},"locations":[{"start":{"line":45,"column":42},"end":{"line":47,"column":9}}]},"7":{"type":"branch","line":47,"loc":{"start":{"line":47,"column":8},"end":{"line":50,"column":5}},"locations":[{"start":{"line":47,"column":8},"end":{"line":50,"column":5}}]},"8":{"type":"branch","line":31,"loc":{"start":{"line":31,"column":20},"end":{"line":33,"column":13}},"locations":[{"start":{"line":31,"column":20},"end":{"line":33,"column":13}}]},"9":{"type":"branch","line":32,"loc":{"start":{"line":32,"column":73},"end":{"line":32,"column":116}},"locations":[{"start":{"line":32,"column":73},"end":{"line":32,"column":116}}]},"10":{"type":"branch","line":32,"loc":{"start":{"line":32,"column":41},"end":{"line":32,"column":72}},"locations":[{"start":{"line":32,"column":41},"end":{"line":32,"column":72}}]},"11":{"type":"branch","line":34,"loc":{"start":{"line":34,"column":17},"end":{"line":41,"column":13}},"locations":[{"start":{"line":34,"column":17},"end":{"line":41,"column":13}}]},"12":{"type":"branch","line":42,"loc":{"start":{"line":42,"column":18},"end":{"line":42,"column":100}},"locations":[{"start":{"line":42,"column":18},"end":{"line":42,"column":100}}]},"13":{"type":"branch","line":42,"loc":{"start":{"line":42,"column":77},"end":{"line":42,"column":100}},"locations":[{"start":{"line":42,"column":77},"end":{"line":42,"column":100}}]},"14":{"type":"branch","line":43,"loc":{"start":{"line":43,"column":17},"end":{"line":43,"column":39}},"locations":[{"start":{"line":43,"column":17},"end":{"line":43,"column":39}}]}},"b":{"0":[5],"1":[5],"2":[1],"3":[4],"4":[1],"5":[3],"6":[1],"7":[2],"8":[12],"9":[5],"10":[12],"11":[3],"12":[1],"13":[0],"14":[3]},"fnMap":{"0":{"name":"RecintosZoo","decl":{"start":{"line":2,"column":4},"end":{"line":16,"column":5}},"loc":{"start":{"line":2,"column":4},"end":{"line":16,"column":5}},"line":2},"1":{"name":"analisaRecintos","decl":{"start":{"line":18,"column":4},"end":{"line":50,"column":5}},"loc":{"start":{"line":18,"column":4},"end":{"line":50,"column":5}},"line":18}},"f":{"0":5,"1":5}}
}
