TN:
SF:desafio-zoo\recintos-zoo.js
FN:2,RecintosZoo
FN:21,podeCarnivoroNoRecinto
FN:25,temCarnivoroNoRecinto
FN:29,temEspeciesDiferentes
FN:33,analisaRecintos
FNF:5
FNH:5
FNDA:5,RecintosZoo
FNDA:2,podeCarnivoroNoRecinto
FNDA:4,temCarnivoroNoRecinto
FNDA:4,temEspeciesDiferentes
FNDA:5,analisaRecintos
DA:1,1
DA:2,1
DA:3,5
DA:4,5
DA:5,5
DA:6,5
DA:7,5
DA:8,5
DA:9,5
DA:10,5
DA:11,5
DA:12,5
DA:13,5
DA:14,5
DA:15,5
DA:16,5
DA:17,5
DA:18,5
DA:19,5
DA:20,1
DA:21,1
DA:22,2
DA:23,2
DA:24,1
DA:25,1
DA:26,4
DA:27,4
DA:28,1
DA:29,1
DA:30,4
DA:31,4
DA:32,1
DA:33,1
DA:34,5
DA:35,1
DA:36,1
DA:37,4
DA:38,5
DA:39,1
DA:40,1
DA:41,3
DA:42,3
DA:43,3
DA:44,3
DA:45,3
DA:46,3
DA:47,15
DA:48,5
DA:49,5
DA:50,10
DA:51,15
DA:52,4
DA:53,4
DA:54,6
DA:55,15
DA:56,2
DA:57,15
DA:58,4
DA:59,4
DA:60,3
DA:61,3
DA:62,4
DA:63,4
DA:64,4
DA:65,1
DA:66,1
DA:67,4
DA:68,4
DA:69,3
DA:70,3
DA:71,5
DA:72,1
DA:73,1
DA:74,2
DA:75,2
DA:76,2
DA:77,1
DA:78,1
DA:79,1
LF:79
LH:79
BRDA:2,0,0,5
BRDA:21,1,0,2
BRDA:22,2,0,1
BRDA:25,3,0,4
BRDA:26,4,0,5
BRDA:29,5,0,4
BRDA:30,6,0,4
BRDA:33,7,0,5
BRDA:34,8,0,1
BRDA:36,9,0,4
BRDA:38,10,0,1
BRDA:40,11,0,3
BRDA:71,12,0,1
BRDA:73,13,0,2
BRDA:46,14,0,15
BRDA:47,15,0,5
BRDA:49,16,0,10
BRDA:51,17,0,4
BRDA:53,18,0,6
BRDA:55,19,0,2
BRDA:57,20,0,4
BRDA:51,21,0,11
BRDA:61,22,0,4
BRDA:64,23,0,1
BRF:24
BRH:24
end_of_record
