TN:
SF:desafio-zoo\recintos-zoo.js
FN:2,RecintosZoo
FN:18,analisaRecintos
FNF:2
FNH:2
FNDA:5,RecintosZoo
FNDA:5,analisaRecintos
DA:1,1
DA:2,1
DA:3,5
DA:4,5
DA:5,5
DA:6,5
DA:7,5
DA:8,5
DA:9,5
DA:10,5
DA:11,5
DA:12,5
DA:13,5
DA:14,5
DA:15,5
DA:16,5
DA:17,1
DA:18,1
DA:19,5
DA:20,1
DA:21,1
DA:22,4
DA:23,5
DA:24,1
DA:25,1
DA:26,3
DA:27,3
DA:28,3
DA:29,3
DA:30,3
DA:31,3
DA:32,12
DA:33,3
DA:34,3
DA:35,3
DA:36,3
DA:37,3
DA:38,3
DA:39,3
DA:40,3
DA:41,3
DA:42,3
DA:43,3
DA:44,3
DA:45,5
DA:46,1
DA:47,1
DA:48,2
DA:49,2
DA:50,2
DA:51,1
DA:52,1
DA:53,1
LF:53
LH:53
BRDA:2,0,0,5
BRDA:18,1,0,5
BRDA:19,2,0,1
BRDA:21,3,0,4
BRDA:23,4,0,1
BRDA:25,5,0,3
BRDA:45,6,0,1
BRDA:47,7,0,2
BRDA:31,8,0,12
BRDA:32,9,0,5
BRDA:32,10,0,12
BRDA:34,11,0,3
BRDA:42,12,0,1
BRDA:42,13,0,0
BRDA:43,14,0,3
BRF:15
BRH:14
end_of_record
